TN:
SF:/Users/paulo.calixto/Documents/Projetos/Doc88Git/flux-style-guide/src/components/FAlert/FAlert.vue
FN:43,(anonymous_1)
FN:46,(anonymous_2)
FN:49,(anonymous_3)
FN:62,(anonymous_4)
FNF:4
FNH:0
FNDA:0,(anonymous_1)
FNDA:0,(anonymous_2)
FNDA:0,(anonymous_3)
FNDA:0,(anonymous_4)
DA:21,0
DA:44,0
DA:47,0
DA:50,0
DA:55,0
DA:63,0
DA:64,0
LF:7
LH:0
BRDA:44,0,0,0
BRDA:44,0,1,0
BRDA:47,1,0,0
BRDA:47,1,1,0
BRF:4
BRH:0
end_of_record
TN:
SF:/Users/paulo.calixto/Documents/Projetos/Doc88Git/flux-style-guide/src/components/FAlert/FAlertController.vue
FN:8,(anonymous_1)
FN:25,(anonymous_2)
FN:36,(anonymous_3)
FN:45,(anonymous_4)
FN:49,(anonymous_5)
FN:57,(anonymous_6)
FN:68,(anonymous_7)
FN:71,(anonymous_8)
FN:80,(anonymous_9)
FN:89,(anonymous_10)
FN:98,(anonymous_11)
FN:107,(anonymous_12)
FN:110,(anonymous_13)
FN:116,(anonymous_14)
FN:122,(anonymous_15)
FN:127,(anonymous_16)
FN:155,(anonymous_17)
FN:158,(anonymous_18)
FN:161,(anonymous_19)
FNF:19
FNH:0
FNDA:0,(anonymous_1)
FNDA:0,(anonymous_2)
FNDA:0,(anonymous_3)
FNDA:0,(anonymous_4)
FNDA:0,(anonymous_5)
FNDA:0,(anonymous_6)
FNDA:0,(anonymous_7)
FNDA:0,(anonymous_8)
FNDA:0,(anonymous_9)
FNDA:0,(anonymous_10)
FNDA:0,(anonymous_11)
FNDA:0,(anonymous_12)
FNDA:0,(anonymous_13)
FNDA:0,(anonymous_14)
FNDA:0,(anonymous_15)
FNDA:0,(anonymous_16)
FNDA:0,(anonymous_17)
FNDA:0,(anonymous_18)
FNDA:0,(anonymous_19)
DA:2,0
DA:3,0
DA:4,0
DA:8,0
DA:25,0
DA:46,0
DA:50,0
DA:51,0
DA:52,0
DA:55,0
DA:58,0
DA:60,0
DA:61,0
DA:63,0
DA:64,0
DA:69,0
DA:72,0
DA:78,0
DA:81,0
DA:87,0
DA:90,0
DA:96,0
DA:99,0
DA:105,0
DA:108,0
DA:111,0
DA:112,0
DA:113,0
DA:117,0
DA:118,0
DA:123,0
DA:127,0
DA:128,0
DA:133,0
DA:134,0
DA:140,0
DA:141,0
DA:149,0
DA:151,0
DA:156,0
DA:159,0
DA:162,0
DA:174,0
DA:185,0
LF:44
LH:0
BRDA:50,0,0,0
BRDA:50,0,1,0
BRDA:61,1,0,0
BRDA:61,1,1,0
BRDA:63,2,0,0
BRDA:63,2,1,0
BRDA:113,3,0,0
BRDA:113,3,1,0
BRDA:118,4,0,0
BRDA:118,4,1,0
BRDA:133,5,0,0
BRDA:133,5,1,0
BRDA:140,6,0,0
BRDA:140,6,1,0
BRDA:144,7,0,0
BRDA:144,7,1,0
BRF:16
BRH:0
end_of_record
TN:
SF:/Users/paulo.calixto/Documents/Projetos/Doc88Git/flux-style-guide/src/components/FAvatar/FAvatar.vue
FN:15,(anonymous_1)
FNF:1
FNH:0
FNDA:0,(anonymous_1)
DA:15,0
LF:1
LH:0
BRF:0
BRH:0
end_of_record
TN:
SF:/Users/paulo.calixto/Documents/Projetos/Doc88Git/flux-style-guide/src/components/FBadge/FBadge.vue
FN:22,(anonymous_1)
FN:26,(anonymous_2)
FN:30,(anonymous_3)
FN:36,(anonymous_4)
FN:41,(anonymous_5)
FNF:5
FNH:0
FNDA:0,(anonymous_1)
FNDA:0,(anonymous_2)
FNDA:0,(anonymous_3)
FNDA:0,(anonymous_4)
FNDA:0,(anonymous_5)
DA:22,0
DA:27,0
DA:28,0
DA:31,0
DA:37,0
DA:39,0
DA:42,0
LF:7
LH:0
BRDA:27,0,0,0
BRDA:27,0,1,0
BRDA:37,1,0,0
BRDA:37,1,1,0
BRF:4
BRH:0
end_of_record
TN:
SF:/Users/paulo.calixto/Documents/Projetos/Doc88Git/flux-style-guide/src/components/FBanner/FBanner copy.vue
FN:106,(anonymous_1)
FN:124,(anonymous_2)
FN:131,(anonymous_3)
FN:139,(anonymous_4)
FN:140,(anonymous_5)
FN:145,(anonymous_6)
FN:149,(anonymous_7)
FN:160,(anonymous_8)
FN:165,(anonymous_9)
FN:169,(anonymous_10)
FN:179,(anonymous_11)
FN:185,(anonymous_12)
FN:219,(anonymous_13)
FN:229,(anonymous_14)
FNF:14
FNH:0
FNDA:0,(anonymous_1)
FNDA:0,(anonymous_2)
FNDA:0,(anonymous_3)
FNDA:0,(anonymous_4)
FNDA:0,(anonymous_5)
FNDA:0,(anonymous_6)
FNDA:0,(anonymous_7)
FNDA:0,(anonymous_8)
FNDA:0,(anonymous_9)
FNDA:0,(anonymous_10)
FNDA:0,(anonymous_11)
FNDA:0,(anonymous_12)
FNDA:0,(anonymous_13)
FNDA:0,(anonymous_14)
DA:98,0
DA:99,0
DA:100,0
DA:103,0
DA:107,0
DA:125,0
DA:132,0
DA:140,0
DA:141,0
DA:142,0
DA:146,0
DA:147,0
DA:148,0
DA:149,0
DA:152,0
DA:153,0
DA:154,0
DA:155,0
DA:156,0
DA:157,0
DA:158,0
DA:160,0
DA:161,0
DA:166,0
DA:167,0
DA:168,0
DA:169,0
DA:172,0
DA:173,0
DA:174,0
DA:175,0
DA:176,0
DA:177,0
DA:178,0
DA:179,0
DA:180,0
DA:186,0
DA:187,0
DA:188,0
DA:216,0
DA:218,0
DA:219,0
DA:222,0
DA:223,0
DA:224,0
DA:225,0
DA:226,0
DA:227,0
DA:228,0
DA:229,0
DA:230,0
LF:51
LH:0
BRDA:132,0,0,0
BRDA:132,0,1,0
BRDA:146,1,0,0
BRDA:146,1,1,0
BRDA:147,2,0,0
BRDA:147,2,1,0
BRDA:166,3,0,0
BRDA:166,3,1,0
BRDA:167,4,0,0
BRDA:167,4,1,0
BRDA:186,5,0,0
BRDA:186,5,1,0
BRDA:188,6,0,0
BRDA:188,6,1,0
BRF:14
BRH:0
end_of_record
TN:
SF:/Users/paulo.calixto/Documents/Projetos/Doc88Git/flux-style-guide/src/components/FBanner/FBanner.vue
FN:60,(anonymous_1)
FN:92,(anonymous_2)
FN:95,(anonymous_3)
FN:98,(anonymous_4)
FN:101,(anonymous_5)
FN:104,(anonymous_6)
FN:107,(anonymous_7)
FN:111,(anonymous_8)
FN:115,(anonymous_9)
FN:120,(anonymous_10)
FN:130,(anonymous_11)
FN:134,(anonymous_12)
FN:136,(anonymous_13)
FN:142,(anonymous_14)
FNF:14
FNH:0
FNDA:0,(anonymous_1)
FNDA:0,(anonymous_2)
FNDA:0,(anonymous_3)
FNDA:0,(anonymous_4)
FNDA:0,(anonymous_5)
FNDA:0,(anonymous_6)
FNDA:0,(anonymous_7)
FNDA:0,(anonymous_8)
FNDA:0,(anonymous_9)
FNDA:0,(anonymous_10)
FNDA:0,(anonymous_11)
FNDA:0,(anonymous_12)
FNDA:0,(anonymous_13)
FNDA:0,(anonymous_14)
DA:53,0
DA:54,0
DA:55,0
DA:56,0
DA:57,0
DA:61,0
DA:93,0
DA:96,0
DA:99,0
DA:102,0
DA:105,0
DA:108,0
DA:112,0
DA:116,0
DA:117,0
DA:121,0
DA:131,0
DA:135,0
DA:136,0
DA:137,0
DA:138,0
DA:143,0
LF:22
LH:0
BRDA:99,0,0,0
BRDA:99,0,1,0
BRDA:102,1,0,0
BRDA:102,1,1,0
BRDA:105,2,0,0
BRDA:105,2,1,0
BRDA:108,3,0,0
BRDA:108,3,1,0
BRDA:126,4,0,0
BRDA:126,4,1,0
BRF:10
BRH:0
end_of_record
TN:
SF:/Users/paulo.calixto/Documents/Projetos/Doc88Git/flux-style-guide/src/components/FButton/FButton.vue
FN:51,(anonymous_1)
FN:54,(anonymous_2)
FN:57,(anonymous_3)
FN:88,(anonymous_4)
FN:92,(anonymous_5)
FN:96,(anonymous_6)
FN:101,(anonymous_7)
FN:104,(anonymous_8)
FN:107,(anonymous_9)
FN:110,(anonymous_10)
FNF:10
FNH:0
FNDA:0,(anonymous_1)
FNDA:0,(anonymous_2)
FNDA:0,(anonymous_3)
FNDA:0,(anonymous_4)
FNDA:0,(anonymous_5)
FNDA:0,(anonymous_6)
FNDA:0,(anonymous_7)
FNDA:0,(anonymous_8)
FNDA:0,(anonymous_9)
FNDA:0,(anonymous_10)
DA:24,1
DA:52,0
DA:55,0
DA:58,0
DA:63,0
DA:68,0
DA:73,0
DA:77,0
DA:89,0
DA:90,0
DA:93,0
DA:94,0
DA:97,0
DA:102,0
DA:105,0
DA:108,0
DA:111,0
DA:112,0
LF:18
LH:1
BRDA:55,0,0,0
BRDA:55,0,1,0
BRDA:59,1,0,0
BRDA:59,1,1,0
BRDA:60,2,0,0
BRDA:60,2,1,0
BRDA:65,3,0,0
BRDA:65,3,1,0
BRDA:70,4,0,0
BRDA:70,4,1,0
BRDA:89,5,0,0
BRDA:89,5,1,0
BRDA:93,6,0,0
BRDA:93,6,1,0
BRF:14
BRH:0
end_of_record
TN:
SF:/Users/paulo.calixto/Documents/Projetos/Doc88Git/flux-style-guide/src/components/FButton/FButtonGroup.vue
FN:39,(anonymous_1)
FN:43,(anonymous_2)
FN:46,(anonymous_3)
FN:49,(anonymous_4)
FN:52,(anonymous_5)
FN:58,(anonymous_6)
FN:62,(anonymous_7)
FN:66,(anonymous_8)
FN:88,(anonymous_9)
FNF:9
FNH:0
FNDA:0,(anonymous_1)
FNDA:0,(anonymous_2)
FNDA:0,(anonymous_3)
FNDA:0,(anonymous_4)
FNDA:0,(anonymous_5)
FNDA:0,(anonymous_6)
FNDA:0,(anonymous_7)
FNDA:0,(anonymous_8)
FNDA:0,(anonymous_9)
DA:19,1
DA:39,0
DA:44,0
DA:47,0
DA:50,0
DA:53,0
DA:59,0
DA:63,0
DA:64,0
DA:67,0
DA:69,0
DA:70,0
DA:73,0
DA:74,0
DA:77,0
DA:78,0
DA:81,0
DA:89,0
LF:18
LH:1
BRDA:50,0,0,0
BRDA:50,0,1,0
BRDA:59,1,0,0
BRDA:59,1,1,0
BRDA:69,2,0,0
BRDA:69,2,1,0
BRDA:69,3,0,0
BRDA:69,3,1,0
BRDA:73,4,0,0
BRDA:73,4,1,0
BRDA:77,5,0,0
BRDA:77,5,1,0
BRF:12
BRH:0
end_of_record
TN:
SF:/Users/paulo.calixto/Documents/Projetos/Doc88Git/flux-style-guide/src/components/FCard/FCard.vue
FNF:0
FNH:0
DA:15,0
LF:1
LH:0
BRF:0
BRH:0
end_of_record
TN:
SF:/Users/paulo.calixto/Documents/Projetos/Doc88Git/flux-style-guide/src/components/FCard/components/FCardActions.vue
FN:17,(anonymous_1)
FNF:1
FNH:0
FNDA:0,(anonymous_1)
DA:18,0
LF:1
LH:0
BRF:0
BRH:0
end_of_record
TN:
SF:/Users/paulo.calixto/Documents/Projetos/Doc88Git/flux-style-guide/src/components/FCheckbox/FCheckbox.vue
FNF:0
FNH:0
DA:23,0
LF:1
LH:0
BRF:0
BRH:0
end_of_record
TN:
SF:/Users/paulo.calixto/Documents/Projetos/Doc88Git/flux-style-guide/src/components/FChip/FChip.vue
FN:47,(anonymous_1)
FN:53,(anonymous_2)
FN:57,(anonymous_3)
FN:65,(anonymous_4)
FN:70,(anonymous_5)
FNF:5
FNH:0
FNDA:0,(anonymous_1)
FNDA:0,(anonymous_2)
FNDA:0,(anonymous_3)
FNDA:0,(anonymous_4)
FNDA:0,(anonymous_5)
DA:24,0
DA:48,0
DA:54,0
DA:55,0
DA:58,0
DA:66,0
DA:68,0
DA:71,0
DA:73,0
DA:74,0
DA:76,0
LF:11
LH:0
BRDA:54,0,0,0
BRDA:54,0,1,0
BRDA:66,1,0,0
BRDA:66,1,1,0
BRDA:71,2,0,0
BRDA:71,2,1,0
BRF:6
BRH:0
end_of_record
TN:
SF:/Users/paulo.calixto/Documents/Projetos/Doc88Git/flux-style-guide/src/components/FDatepicker/FDatepicker.vue
FN:32,(anonymous_1)
FN:35,(anonymous_2)
FNF:2
FNH:0
FNDA:0,(anonymous_1)
FNDA:0,(anonymous_2)
DA:13,0
DA:32,0
DA:36,0
LF:3
LH:0
BRF:0
BRH:0
end_of_record
TN:
SF:/Users/paulo.calixto/Documents/Projetos/Doc88Git/flux-style-guide/src/components/FDisplayPerPage/FDisplayPerPage.vue
FN:42,(anonymous_1)
FN:46,(anonymous_2)
FN:49,(anonymous_3)
FN:52,(anonymous_4)
FN:56,(anonymous_5)
FN:60,(anonymous_6)
FN:80,(anonymous_7)
FNF:7
FNH:0
FNDA:0,(anonymous_1)
FNDA:0,(anonymous_2)
FNDA:0,(anonymous_3)
FNDA:0,(anonymous_4)
FNDA:0,(anonymous_5)
FNDA:0,(anonymous_6)
FNDA:0,(anonymous_7)
DA:42,0
DA:47,0
DA:50,0
DA:53,0
DA:57,0
DA:61,0
DA:63,0
DA:64,0
DA:67,0
DA:68,0
DA:71,0
DA:72,0
DA:75,0
DA:81,0
LF:14
LH:0
BRDA:53,0,0,0
BRDA:53,0,1,0
BRDA:57,1,0,0
BRDA:57,1,1,0
BRDA:63,2,0,0
BRDA:63,2,1,0
BRDA:63,3,0,0
BRDA:63,3,1,0
BRDA:67,4,0,0
BRDA:67,4,1,0
BRDA:71,5,0,0
BRDA:71,5,1,0
BRF:12
BRH:0
end_of_record
TN:
SF:/Users/paulo.calixto/Documents/Projetos/Doc88Git/flux-style-guide/src/components/FDropdown/FDropdown.vue
FN:46,(anonymous_1)
FN:55,(anonymous_2)
FN:58,(anonymous_3)
FN:59,(anonymous_4)
FN:61,(anonymous_5)
FN:86,(anonymous_6)
FN:103,(anonymous_7)
FN:108,(anonymous_8)
FN:111,(anonymous_9)
FN:114,(anonymous_10)
FN:117,(anonymous_11)
FN:118,(anonymous_12)
FN:121,(anonymous_13)
FN:126,(anonymous_14)
FN:131,(anonymous_15)
FN:141,(anonymous_16)
FN:149,(anonymous_17)
FN:154,(anonymous_18)
FN:155,(anonymous_19)
FN:161,(anonymous_20)
FN:164,(anonymous_21)
FN:169,(anonymous_22)
FN:178,(anonymous_23)
FN:187,(anonymous_24)
FN:190,(anonymous_25)
FN:202,(anonymous_26)
FN:208,(anonymous_27)
FN:216,(anonymous_28)
FN:224,(anonymous_29)
FN:227,(anonymous_30)
FN:228,(anonymous_31)
FNF:31
FNH:0
FNDA:0,(anonymous_1)
FNDA:0,(anonymous_2)
FNDA:0,(anonymous_3)
FNDA:0,(anonymous_4)
FNDA:0,(anonymous_5)
FNDA:0,(anonymous_6)
FNDA:0,(anonymous_7)
FNDA:0,(anonymous_8)
FNDA:0,(anonymous_9)
FNDA:0,(anonymous_10)
FNDA:0,(anonymous_11)
FNDA:0,(anonymous_12)
FNDA:0,(anonymous_13)
FNDA:0,(anonymous_14)
FNDA:0,(anonymous_15)
FNDA:0,(anonymous_16)
FNDA:0,(anonymous_17)
FNDA:0,(anonymous_18)
FNDA:0,(anonymous_19)
FNDA:0,(anonymous_20)
FNDA:0,(anonymous_21)
FNDA:0,(anonymous_22)
FNDA:0,(anonymous_23)
FNDA:0,(anonymous_24)
FNDA:0,(anonymous_25)
FNDA:0,(anonymous_26)
FNDA:0,(anonymous_27)
FNDA:0,(anonymous_28)
FNDA:0,(anonymous_29)
FNDA:0,(anonymous_30)
FNDA:0,(anonymous_31)
DA:41,0
DA:46,0
DA:56,0
DA:58,0
DA:59,0
DA:61,0
DA:66,0
DA:87,0
DA:104,0
DA:105,0
DA:109,0
DA:112,0
DA:115,0
DA:118,0
DA:119,0
DA:122,0
DA:127,0
DA:132,0
DA:142,0
DA:143,0
DA:150,0
DA:151,0
DA:155,0
DA:156,0
DA:159,0
DA:162,0
DA:165,0
DA:170,0
DA:172,0
DA:173,0
DA:176,0
DA:179,0
DA:181,0
DA:182,0
DA:185,0
DA:188,0
DA:191,0
DA:192,0
DA:193,0
DA:195,0
DA:198,0
DA:200,0
DA:203,0
DA:204,0
DA:206,0
DA:209,0
DA:210,0
DA:212,0
DA:214,0
DA:217,0
DA:218,0
DA:219,0
DA:220,0
DA:225,0
DA:226,0
DA:227,0
DA:228,0
LF:57
LH:0
BRDA:112,0,0,0
BRDA:112,0,1,0
BRDA:115,1,0,0
BRDA:115,1,1,0
BRDA:119,2,0,0
BRDA:119,2,1,0
BRDA:122,3,0,0
BRDA:122,3,1,0
BRDA:127,4,0,0
BRDA:127,4,1,0
BRDA:142,5,0,0
BRDA:142,5,1,0
BRDA:150,6,0,0
BRDA:150,6,1,0
BRDA:156,7,0,0
BRDA:156,7,1,0
BRDA:165,8,0,0
BRDA:165,8,1,0
BRDA:172,9,0,0
BRDA:172,9,1,0
BRDA:181,10,0,0
BRDA:181,10,1,0
BRDA:191,11,0,0
BRDA:191,11,1,0
BRDA:191,12,0,0
BRDA:191,12,1,0
BRDA:212,13,0,0
BRDA:212,13,1,0
BRDA:217,14,0,0
BRDA:217,14,1,0
BRDA:217,15,0,0
BRDA:217,15,1,0
BRDA:219,16,0,0
BRDA:219,16,1,0
BRDA:219,17,0,0
BRDA:219,17,1,0
BRDA:225,18,0,0
BRDA:225,18,1,0
BRF:38
BRH:0
end_of_record
TN:
SF:/Users/paulo.calixto/Documents/Projetos/Doc88Git/flux-style-guide/src/components/FField/FField.vue
FN:80,(anonymous_1)
FN:83,(anonymous_2)
FNF:2
FNH:0
FNDA:0,(anonymous_1)
FNDA:0,(anonymous_2)
DA:81,0
DA:83,0
DA:88,0
LF:3
LH:0
BRDA:81,0,0,0
BRDA:81,0,1,0
BRDA:88,1,0,0
BRDA:88,1,1,0
BRF:4
BRH:0
end_of_record
TN:
SF:/Users/paulo.calixto/Documents/Projetos/Doc88Git/flux-style-guide/src/components/FField/FInput.vue
FN:26,(anonymous_1)
FN:45,(anonymous_2)
FN:63,(anonymous_3)
FN:74,(anonymous_4)
FN:77,(anonymous_5)
FN:80,(anonymous_6)
FN:90,(anonymous_7)
FN:97,(anonymous_8)
FNF:8
FNH:0
FNDA:0,(anonymous_1)
FNDA:0,(anonymous_2)
FNDA:0,(anonymous_3)
FNDA:0,(anonymous_4)
FNDA:0,(anonymous_5)
FNDA:0,(anonymous_6)
FNDA:0,(anonymous_7)
FNDA:0,(anonymous_8)
DA:20,0
DA:27,0
DA:45,0
DA:64,0
DA:68,0
DA:75,0
DA:78,0
DA:81,0
DA:91,0
DA:93,0
DA:95,0
DA:98,0
LF:12
LH:0
BRDA:64,0,0,0
BRDA:64,0,1,0
BRDA:64,1,0,0
BRDA:64,1,1,0
BRDA:64,1,2,0
BRDA:64,1,3,0
BRDA:75,2,0,0
BRDA:75,2,1,0
BRDA:93,3,0,0
BRDA:93,3,1,0
BRF:10
BRH:0
end_of_record
TN:
SF:/Users/paulo.calixto/Documents/Projetos/Doc88Git/flux-style-guide/src/components/FIcon/FIcon.vue
FN:40,(anonymous_1)
FNF:1
FNH:0
FNDA:0,(anonymous_1)
DA:12,1
DA:41,0
LF:2
LH:1
BRF:0
BRH:0
end_of_record
TN:
SF:/Users/paulo.calixto/Documents/Projetos/Doc88Git/flux-style-guide/src/components/FIcon/components/FIconMaterial.vue
FN:8,(anonymous_1)
FN:29,(anonymous_2)
FNF:2
FNH:0
FNDA:0,(anonymous_1)
FNDA:0,(anonymous_2)
DA:8,0
DA:30,0
LF:2
LH:0
BRDA:30,0,0,0
BRDA:30,0,1,0
BRF:2
BRH:0
end_of_record
TN:
SF:/Users/paulo.calixto/Documents/Projetos/Doc88Git/flux-style-guide/src/components/FImage/FImage.vue
FN:20,(anonymous_1)
FNF:1
FNH:0
FNDA:0,(anonymous_1)
DA:21,0
LF:1
LH:0
BRF:0
BRH:0
end_of_record
TN:
SF:/Users/paulo.calixto/Documents/Projetos/Doc88Git/flux-style-guide/src/components/FLayout/FLayout.vue
FN:59,(anonymous_1)
FN:65,(anonymous_2)
FN:97,(anonymous_3)
FN:100,(anonymous_4)
FNF:4
FNH:0
FNDA:0,(anonymous_1)
FNDA:0,(anonymous_2)
FNDA:0,(anonymous_3)
FNDA:0,(anonymous_4)
DA:53,0
DA:54,0
DA:59,0
DA:65,0
DA:98,0
DA:101,0
LF:6
LH:0
BRF:0
BRH:0
end_of_record
TN:
SF:/Users/paulo.calixto/Documents/Projetos/Doc88Git/flux-style-guide/src/components/FList/FItem.vue
FN:29,(anonymous_1)
FNF:1
FNH:0
FNDA:0,(anonymous_1)
DA:15,0
DA:30,0
LF:2
LH:0
BRDA:30,0,0,0
BRDA:30,0,1,0
BRF:2
BRH:0
end_of_record
TN:
SF:/Users/paulo.calixto/Documents/Projetos/Doc88Git/flux-style-guide/src/components/FMenu/FMenu.vue
FN:55,(anonymous_1)
FN:61,(anonymous_2)
FN:82,(anonymous_3)
FN:85,(anonymous_4)
FN:90,(anonymous_5)
FNF:5
FNH:0
FNDA:0,(anonymous_1)
FNDA:0,(anonymous_2)
FNDA:0,(anonymous_3)
FNDA:0,(anonymous_4)
FNDA:0,(anonymous_5)
DA:46,0
DA:47,0
DA:55,0
DA:62,0
DA:83,0
DA:86,0
DA:91,0
LF:7
LH:0
BRF:0
BRH:0
end_of_record
TN:
SF:/Users/paulo.calixto/Documents/Projetos/Doc88Git/flux-style-guide/src/components/FMenu/FMenuButton.vue
FN:18,(anonymous_1)
FN:30,(anonymous_2)
FN:35,(anonymous_3)
FN:40,(anonymous_4)
FN:48,(anonymous_5)
FN:50,(anonymous_6)
FNF:6
FNH:0
FNDA:0,(anonymous_1)
FNDA:0,(anonymous_2)
FNDA:0,(anonymous_3)
FNDA:0,(anonymous_4)
FNDA:0,(anonymous_5)
FNDA:0,(anonymous_6)
DA:18,0
DA:31,0
DA:36,0
DA:37,0
DA:38,0
DA:41,0
DA:42,0
DA:43,0
DA:45,0
DA:46,0
DA:49,0
DA:50,0
DA:51,0
LF:13
LH:0
BRDA:41,0,0,0
BRDA:41,0,1,0
BRF:2
BRH:0
end_of_record
TN:
SF:/Users/paulo.calixto/Documents/Projetos/Doc88Git/flux-style-guide/src/components/FModal/FModal.vue
FN:31,(anonymous_1)
FN:34,(anonymous_2)
FN:38,(anonymous_3)
FN:41,(anonymous_4)
FN:44,(anonymous_5)
FNF:5
FNH:0
FNDA:0,(anonymous_1)
FNDA:0,(anonymous_2)
FNDA:0,(anonymous_3)
FNDA:0,(anonymous_4)
FNDA:0,(anonymous_5)
DA:17,0
DA:32,0
DA:35,0
DA:39,0
DA:42,0
DA:45,0
LF:6
LH:0
BRDA:42,0,0,0
BRDA:42,0,1,0
BRDA:45,1,0,0
BRDA:45,1,1,0
BRF:4
BRH:0
end_of_record
TN:
SF:/Users/paulo.calixto/Documents/Projetos/Doc88Git/flux-style-guide/src/components/FPagination/FPagination.vue
FN:63,(anonymous_1)
FN:67,(anonymous_2)
FN:71,(anonymous_3)
FN:74,(anonymous_4)
FN:83,(anonymous_5)
FN:90,(anonymous_7)
FN:95,(anonymous_8)
FN:100,(anonymous_9)
FN:104,(anonymous_10)
FN:120,(anonymous_11)
FN:124,(anonymous_12)
FN:131,(anonymous_13)
FNF:12
FNH:0
FNDA:0,(anonymous_1)
FNDA:0,(anonymous_2)
FNDA:0,(anonymous_3)
FNDA:0,(anonymous_4)
FNDA:0,(anonymous_5)
FNDA:0,(anonymous_7)
FNDA:0,(anonymous_8)
FNDA:0,(anonymous_9)
FNDA:0,(anonymous_10)
FNDA:0,(anonymous_11)
FNDA:0,(anonymous_12)
FNDA:0,(anonymous_13)
DA:63,0
DA:68,0
DA:69,0
DA:72,0
DA:75,0
DA:76,0
DA:77,0
DA:79,0
DA:80,0
DA:81,0
DA:83,0
DA:90,0
DA:92,0
DA:96,0
DA:97,0
DA:101,0
DA:102,0
DA:105,0
DA:107,0
DA:108,0
DA:110,0
DA:111,0
DA:112,0
DA:115,0
DA:116,0
DA:117,0
DA:121,0
DA:122,0
DA:124,0
DA:125,0
DA:126,0
DA:128,0
DA:129,0
DA:131,0
DA:134,0
LF:35
LH:0
BRDA:68,0,0,0
BRDA:68,0,1,0
BRDA:81,1,0,0
BRDA:81,1,1,0
BRDA:83,2,0,0
BRDA:83,2,1,0
BRDA:83,2,2,0
BRDA:83,2,3,0
BRDA:107,3,0,0
BRDA:107,3,1,0
BRDA:108,4,0,0
BRDA:108,4,1,0
BRDA:110,5,0,0
BRDA:110,5,1,0
BRDA:112,6,0,0
BRDA:112,6,1,0
BRDA:115,7,0,0
BRDA:115,7,1,0
BRDA:117,8,0,0
BRDA:117,8,1,0
BRDA:128,9,0,0
BRDA:128,9,1,0
BRDA:129,10,0,0
BRDA:129,10,1,0
BRF:24
BRH:0
end_of_record
TN:
SF:/Users/paulo.calixto/Documents/Projetos/Doc88Git/flux-style-guide/src/components/FPopover/FPopover.vue
FN:19,(anonymous_1)
FNF:1
FNH:1
FNDA:1,(anonymous_1)
DA:12,1
DA:19,1
LF:2
LH:2
BRF:0
BRH:0
end_of_record
TN:
SF:/Users/paulo.calixto/Documents/Projetos/Doc88Git/flux-style-guide/src/components/FSelect/FSelect.vue
FN:59,(anonymous_1)
FN:103,(anonymous_2)
FN:109,(anonymous_3)
FN:115,(anonymous_4)
FN:118,(anonymous_5)
FN:119,(anonymous_6)
FN:125,(anonymous_8)
FN:130,(anonymous_9)
FN:136,(anonymous_10)
FN:137,(anonymous_11)
FN:138,(anonymous_12)
FN:142,(anonymous_13)
FN:152,(anonymous_14)
FN:153,(anonymous_15)
FN:155,(anonymous_16)
FN:159,(anonymous_17)
FN:163,(anonymous_18)
FN:169,(anonymous_19)
FN:174,(anonymous_20)
FN:178,(anonymous_21)
FN:182,(anonymous_22)
FN:191,(anonymous_23)
FN:194,(anonymous_24)
FNF:23
FNH:0
FNDA:0,(anonymous_1)
FNDA:0,(anonymous_2)
FNDA:0,(anonymous_3)
FNDA:0,(anonymous_4)
FNDA:0,(anonymous_5)
FNDA:0,(anonymous_6)
FNDA:0,(anonymous_8)
FNDA:0,(anonymous_9)
FNDA:0,(anonymous_10)
FNDA:0,(anonymous_11)
FNDA:0,(anonymous_12)
FNDA:0,(anonymous_13)
FNDA:0,(anonymous_14)
FNDA:0,(anonymous_15)
FNDA:0,(anonymous_16)
FNDA:0,(anonymous_17)
FNDA:0,(anonymous_18)
FNDA:0,(anonymous_19)
FNDA:0,(anonymous_20)
FNDA:0,(anonymous_21)
FNDA:0,(anonymous_22)
FNDA:0,(anonymous_23)
FNDA:0,(anonymous_24)
DA:42,0
DA:43,0
DA:44,0
DA:46,0
DA:48,0
DA:54,0
DA:59,0
DA:104,0
DA:110,0
DA:116,0
DA:119,0
DA:123,0
DA:126,0
DA:128,0
DA:131,0
DA:137,0
DA:138,0
DA:139,0
DA:143,0
DA:144,0
DA:146,0
DA:148,0
DA:153,0
DA:156,0
DA:157,0
DA:159,0
DA:160,0
DA:164,0
DA:165,0
DA:167,0
DA:170,0
DA:172,0
DA:175,0
DA:176,0
DA:178,0
DA:179,0
DA:183,0
DA:185,0
DA:187,0
DA:189,0
DA:192,0
DA:195,0
DA:197,0
DA:198,0
LF:44
LH:0
BRDA:116,0,0,0
BRDA:116,0,1,0
BRDA:119,1,0,0
BRDA:119,1,1,0
BRDA:128,2,0,0
BRDA:128,2,1,0
BRDA:139,3,0,0
BRDA:139,3,1,0
BRDA:143,4,0,0
BRDA:143,4,1,0
BRDA:144,5,0,0
BRDA:144,5,1,0
BRDA:146,6,0,0
BRDA:146,6,1,0
BRDA:156,7,0,0
BRDA:156,7,1,0
BRDA:157,8,0,0
BRDA:157,8,1,0
BRDA:164,9,0,0
BRDA:164,9,1,0
BRDA:170,10,0,0
BRDA:170,10,1,0
BRDA:183,11,0,0
BRDA:183,11,1,0
BRDA:187,12,0,0
BRDA:187,12,1,0
BRDA:189,13,0,0
BRDA:189,13,1,0
BRDA:195,14,0,0
BRDA:195,14,1,0
BRDA:197,15,0,0
BRDA:197,15,1,0
BRDA:197,16,0,0
BRDA:197,16,1,0
BRF:34
BRH:0
end_of_record
TN:
SF:/Users/paulo.calixto/Documents/Projetos/Doc88Git/flux-style-guide/src/components/FTab/FTab.vue
FN:50,(anonymous_1)
FN:53,(anonymous_2)
FN:59,(anonymous_3)
FN:66,(anonymous_4)
FN:69,(anonymous_5)
FN:74,(anonymous_6)
FN:78,(anonymous_7)
FN:82,(anonymous_8)
FN:85,(anonymous_9)
FNF:9
FNH:0
FNDA:0,(anonymous_1)
FNDA:0,(anonymous_2)
FNDA:0,(anonymous_3)
FNDA:0,(anonymous_4)
FNDA:0,(anonymous_5)
FNDA:0,(anonymous_6)
FNDA:0,(anonymous_7)
FNDA:0,(anonymous_8)
FNDA:0,(anonymous_9)
DA:32,0
DA:33,0
DA:34,0
DA:51,0
DA:54,0
DA:55,0
DA:60,0
DA:61,0
DA:66,0
DA:75,0
DA:76,0
DA:79,0
DA:80,0
DA:83,0
DA:86,0
LF:15
LH:0
BRDA:55,0,0,0
BRDA:55,0,1,0
BRDA:61,1,0,0
BRDA:61,1,1,0
BRF:4
BRH:0
end_of_record
TN:
SF:/Users/paulo.calixto/Documents/Projetos/Doc88Git/flux-style-guide/src/components/FTable/FTable.vue
FN:84,(anonymous_1)
FN:89,(anonymous_2)
FN:92,(anonymous_3)
FN:95,(anonymous_4)
FN:99,(anonymous_5)
FN:107,(anonymous_6)
FN:113,(anonymous_7)
FN:114,(anonymous_8)
FN:115,(anonymous_9)
FN:126,(anonymous_10)
FN:130,(anonymous_11)
FNF:11
FNH:0
FNDA:0,(anonymous_1)
FNDA:0,(anonymous_2)
FNDA:0,(anonymous_3)
FNDA:0,(anonymous_4)
FNDA:0,(anonymous_5)
FNDA:0,(anonymous_6)
FNDA:0,(anonymous_7)
FNDA:0,(anonymous_8)
FNDA:0,(anonymous_9)
FNDA:0,(anonymous_10)
FNDA:0,(anonymous_11)
DA:66,0
DA:67,0
DA:68,0
DA:69,0
DA:84,0
DA:90,0
DA:93,0
DA:96,0
DA:97,0
DA:100,0
DA:102,0
DA:103,0
DA:104,0
DA:107,0
DA:109,0
DA:114,0
DA:115,0
DA:116,0
DA:117,0
DA:119,0
DA:124,0
DA:127,0
DA:128,0
DA:131,0
LF:24
LH:0
BRDA:93,0,0,0
BRDA:93,0,1,0
BRDA:96,1,0,0
BRDA:96,1,1,0
BRDA:102,2,0,0
BRDA:102,2,1,0
BRDA:103,3,0,0
BRDA:103,3,1,0
BRDA:131,4,0,0
BRDA:131,4,1,0
BRF:10
BRH:0
end_of_record
TN:
SF:/Users/paulo.calixto/Documents/Projetos/Doc88Git/flux-style-guide/src/components/FTableCustom/FTableCustom.vue
FN:80,(anonymous_1)
FN:88,(anonymous_2)
FN:100,(anonymous_3)
FN:103,(anonymous_4)
FN:113,(anonymous_5)
FN:120,(anonymous_6)
FN:123,(anonymous_7)
FN:130,(anonymous_8)
FN:135,(anonymous_9)
FN:139,(anonymous_10)
FNF:10
FNH:0
FNDA:0,(anonymous_1)
FNDA:0,(anonymous_2)
FNDA:0,(anonymous_3)
FNDA:0,(anonymous_4)
FNDA:0,(anonymous_5)
FNDA:0,(anonymous_6)
FNDA:0,(anonymous_7)
FNDA:0,(anonymous_8)
FNDA:0,(anonymous_9)
FNDA:0,(anonymous_10)
DA:71,0
DA:80,0
DA:88,0
DA:100,0
DA:103,0
DA:114,0
DA:121,0
DA:124,0
DA:125,0
DA:126,0
DA:127,0
DA:128,0
DA:131,0
DA:132,0
DA:133,0
DA:136,0
DA:137,0
DA:140,0
DA:141,0
LF:19
LH:0
BRDA:114,0,0,0
BRDA:114,0,1,0
BRDA:121,1,0,0
BRDA:121,1,1,0
BRDA:136,2,0,0
BRDA:136,2,1,0
BRF:6
BRH:0
end_of_record
TN:
SF:/Users/paulo.calixto/Documents/Projetos/Doc88Git/flux-style-guide/src/components/FTablePure/FTablePure.vue
FN:49,(anonymous_1)
FN:54,(anonymous_2)
FN:57,(anonymous_3)
FN:60,(anonymous_4)
FN:64,(anonymous_5)
FN:72,(anonymous_6)
FN:78,(anonymous_7)
FN:79,(anonymous_8)
FN:80,(anonymous_9)
FN:91,(anonymous_10)
FN:95,(anonymous_11)
FNF:11
FNH:0
FNDA:0,(anonymous_1)
FNDA:0,(anonymous_2)
FNDA:0,(anonymous_3)
FNDA:0,(anonymous_4)
FNDA:0,(anonymous_5)
FNDA:0,(anonymous_6)
FNDA:0,(anonymous_7)
FNDA:0,(anonymous_8)
FNDA:0,(anonymous_9)
FNDA:0,(anonymous_10)
FNDA:0,(anonymous_11)
DA:37,0
DA:38,0
DA:49,0
DA:55,0
DA:58,0
DA:61,0
DA:62,0
DA:65,0
DA:67,0
DA:68,0
DA:69,0
DA:72,0
DA:74,0
DA:79,0
DA:80,0
DA:81,0
DA:82,0
DA:84,0
DA:89,0
DA:92,0
DA:93,0
DA:96,0
LF:22
LH:0
BRDA:58,0,0,0
BRDA:58,0,1,0
BRDA:61,1,0,0
BRDA:61,1,1,0
BRDA:67,2,0,0
BRDA:67,2,1,0
BRDA:68,3,0,0
BRDA:68,3,1,0
BRDA:96,4,0,0
BRDA:96,4,1,0
BRF:10
BRH:0
end_of_record
TN:
SF:/Users/paulo.calixto/Documents/Projetos/Doc88Git/flux-style-guide/src/components/FTag/FTag.vue
FN:71,(anonymous_1)
FN:76,(anonymous_2)
FN:82,(anonymous_3)
FN:88,(anonymous_4)
FN:91,(anonymous_5)
FN:95,(anonymous_6)
FN:96,(anonymous_7)
FN:101,(anonymous_8)
FNF:8
FNH:0
FNDA:0,(anonymous_1)
FNDA:0,(anonymous_2)
FNDA:0,(anonymous_3)
FNDA:0,(anonymous_4)
FNDA:0,(anonymous_5)
FNDA:0,(anonymous_6)
FNDA:0,(anonymous_7)
FNDA:0,(anonymous_8)
DA:30,0
DA:71,0
DA:77,0
DA:83,0
DA:89,0
DA:92,0
DA:96,0
DA:97,0
DA:102,0
DA:103,0
DA:105,0
LF:11
LH:0
BRDA:79,0,0,0
BRDA:79,0,1,0
BRF:2
BRH:0
end_of_record
TN:
SF:/Users/paulo.calixto/Documents/Projetos/Doc88Git/flux-style-guide/src/components/FTagGroup/FTagGroup.vue
FN:30,(anonymous_1)
FN:40,(anonymous_2)
FNF:2
FNH:0
FNDA:0,(anonymous_1)
FNDA:0,(anonymous_2)
DA:25,0
DA:30,0
DA:41,0
LF:3
LH:0
BRF:0
BRH:0
end_of_record
TN:
SF:/Users/paulo.calixto/Documents/Projetos/Doc88Git/flux-style-guide/src/components/FToggle/FToggle.vue
FN:37,(anonymous_1)
FN:42,(anonymous_2)
FNF:2
FNH:0
FNDA:0,(anonymous_1)
FNDA:0,(anonymous_2)
DA:38,0
DA:43,0
LF:2
LH:0
BRDA:38,0,0,0
BRDA:38,0,1,0
BRF:2
BRH:0
end_of_record
TN:
SF:/Users/paulo.calixto/Documents/Projetos/Doc88Git/flux-style-guide/src/components/FTooltip/FTooltip.vue
FN:25,(anonymous_1)
FN:33,(anonymous_2)
FN:38,(anonymous_3)
FN:63,(anonymous_4)
FN:71,(anonymous_5)
FN:79,(anonymous_6)
FN:85,(anonymous_7)
FN:89,(anonymous_8)
FNF:8
FNH:2
FNDA:0,(anonymous_1)
FNDA:1,(anonymous_2)
FNDA:1,(anonymous_3)
FNDA:0,(anonymous_4)
FNDA:0,(anonymous_5)
FNDA:0,(anonymous_6)
FNDA:0,(anonymous_7)
FNDA:0,(anonymous_8)
DA:18,1
DA:25,0
DA:33,1
DA:38,1
DA:64,0
DA:72,0
DA:80,0
DA:86,0
DA:90,0
LF:9
LH:3
BRDA:80,0,0,0
BRDA:80,0,1,0
BRDA:86,1,0,0
BRDA:86,1,1,0
BRF:4
BRH:0
end_of_record
TN:
SF:/Users/paulo.calixto/Documents/Projetos/Doc88Git/flux-style-guide/src/components/FUpload/FUpload.vue
FN:40,(anonymous_1)
FN:46,(anonymous_2)
FN:57,(anonymous_3)
FN:62,(anonymous_4)
FN:65,(anonymous_5)
FN:70,(anonymous_6)
FN:73,(anonymous_7)
FN:80,(anonymous_8)
FNF:8
FNH:0
FNDA:0,(anonymous_1)
FNDA:0,(anonymous_2)
FNDA:0,(anonymous_3)
FNDA:0,(anonymous_4)
FNDA:0,(anonymous_5)
FNDA:0,(anonymous_6)
FNDA:0,(anonymous_7)
FNDA:0,(anonymous_8)
DA:34,0
DA:40,0
DA:49,0
DA:50,0
DA:52,0
DA:53,0
DA:55,0
DA:59,0
DA:60,0
DA:63,0
DA:67,0
DA:68,0
DA:71,0
DA:72,0
DA:73,0
DA:74,0
DA:75,0
DA:77,0
DA:78,0
DA:81,0
DA:82,0
DA:83,0
DA:84,0
LF:23
LH:0
BRDA:52,0,0,0
BRDA:52,0,1,0
BRF:2
BRH:0
end_of_record
